Charm++: standalone mode (not using charmrun)
Charm++> Running in Multicore mode:  1 threads
Charm++> Using recursive bisection (scheme 3) for topology aware partitions
Converse/Charm++ Commit ID: v6.7.0-0-g46f867c-namd-charm-6.7.0-build-2015-Dec-21-45876
Warning> Randomization of stack pointer is turned on in kernel, thread migration may not work! Run 'echo 0 > /proc/sys/kernel/randomize_va_space' as root to disable it, or try run with '+isomalloc_sync'.  
CharmLB> Load balancer assumes all CPUs are same.
Charm++> Running on 1 unique compute nodes (8-way SMP).
Charm++> cpu topology info is gathered in 0.000 seconds.
Info: Built with CUDA version 6000
Did not find +devices i,j,k,... argument, using all
Pe 0 physical rank 0 binding to CUDA device 0 on tbgl-work8.physics.illinois.edu: 'GeForce GTX 770'  Mem: 1999MB  Rev: 3.0
Info: NAMD 2.11 for Linux-x86_64-multicore-CUDA
Info: 
Info: Please visit http://www.ks.uiuc.edu/Research/namd/
Info: for updates, documentation, and support information.
Info: 
Info: Please cite Phillips et al., J. Comp. Chem. 26:1781-1802 (2005)
Info: in all publications reporting results obtained with NAMD.
Info: 
Info: Based on Charm++/Converse 60700 for multicore-linux64-iccstatic
Info: Built Mon Dec 21 10:47:12 CST 2015 by jim on despina.ks.uiuc.edu
Info: 1 NAMD  2.11  Linux-x86_64-multicore-CUDA  1    tbgl-work8.physics.illinois.edu  yifei6
Info: Running on 1 processors, 1 nodes, 1 physical nodes.
Info: CPU topology information available.
Info: Charm++/Converse parallel runtime startup completed at 0.033251 s
CkLoopLib is used in SMP with a simple dynamic scheduling (converse-level notification) but not using node-level queue
Info: 8.66016 MB of memory in use based on /proc/self/stat
Info: Configuration file is 9min1.namd
Info: Working in the current directory /data/server7/yifei6/Build13mernanpore/clya/13mer/fromprevious_Clyacs13mer
TCL: Suspending until startup complete.
Warning: The following variables were set in the
Warning: configuration file but will be ignored:
Warning:    PMEGridSizeX (PME)
Warning:    PMEGridSizeY (PME)
Warning:    PMEGridSizeZ (PME)
Info: SIMULATION PARAMETERS:
Info: TIMESTEP               1
Info: NUMBER OF STEPS        10000
Info: STEPS PER CYCLE        20
Info: PERIODIC CELL BASIS 1  190 0 0
Info: PERIODIC CELL BASIS 2  0 190 0
Info: PERIODIC CELL BASIS 3  0 0 180
Info: PERIODIC CELL CENTER   0.01 0 2.1
Info: WRAPPING ALL CLUSTERS AROUND PERIODIC BOUNDARIES ON OUTPUT.
Info: WRAPPING TO IMAGE NEAREST TO PERIODIC CELL CENTER.
Info: LOAD BALANCER  Centralized
Info: LOAD BALANCING STRATEGY  New Load Balancers -- DEFAULT
Info: LDB PERIOD             4000 steps
Info: FIRST LDB TIMESTEP     100
Info: LAST LDB TIMESTEP     -1
Info: LDB BACKGROUND SCALING 1
Info: HOM BACKGROUND SCALING 1
Info: MIN ATOMS PER PATCH    40
Info: INITIAL TEMPERATURE    0
Info: CENTER OF MASS MOVING INITIALLY? YES
Info: DIELECTRIC             1
Info: EXCLUDE                SCALED ONE-FOUR
Info: 1-4 ELECTROSTATICS SCALED BY 1
Info: MODIFIED 1-4 VDW PARAMETERS WILL BE USED
Info: DCD FILENAME           min.dcd
Info: DCD FREQUENCY          5000
Info: DCD FIRST STEP         5000
Info: DCD FILE WILL CONTAIN UNIT CELL DATA
Info: XST FILENAME           min.xst
Info: XST FREQUENCY          5000
Info: NO VELOCITY DCD OUTPUT
Info: NO FORCE DCD OUTPUT
Info: OUTPUT FILENAME        min
Info: BINARY OUTPUT FILES WILL BE USED
Info: RESTART FILENAME       min.restart
Info: RESTART FREQUENCY      5000
Info: BINARY RESTART FILES WILL BE USED
Info: SWITCHING ACTIVE
Info: SWITCHING ON           10
Info: SWITCHING OFF          12
Info: PAIRLIST DISTANCE      14
Info: PAIRLIST SHRINK RATE   0.01
Info: PAIRLIST GROW RATE     0.01
Info: PAIRLIST TRIGGER       0.3
Info: PAIRLISTS PER CYCLE    2
Info: PAIRLISTS ENABLED
Info: MARGIN                 0
Info: HYDROGEN GROUP CUTOFF  2.5
Info: PATCH DIMENSION        16.5
Info: ENERGY OUTPUT STEPS    5000
Info: CROSSTERM ENERGY INCLUDED IN DIHEDRAL
Info: TIMING OUTPUT STEPS    5000
Info: FIXED ATOMS ACTIVE
Info: CONJUGATE GRADIENT MINIMIZATION ACTIVE
Info: LINE MINIMIZATION GOAL = 0.001
Info: BABY STEP SIZE = 0.01
Info: TINY STEP SIZE = 1e-06
Info: USING VERLET I (r-RESPA) MTS SCHEME.
Info: C1 SPLITTING OF LONG RANGE ELECTROSTATICS
Info: PLACING ATOMS IN PATCHES BY HYDROGEN GROUPS
Info: NONBONDED FORCES EVALUATED EVERY 2 STEPS
Info: RANDOM NUMBER SEED     1537810365
Info: USE HYDROGEN BONDS?    NO
Info: COORDINATE PDB         clya-13mercs_kcl.pdb
Info: STRUCTURE FILE         clya-13mercs_kcl.psf
Info: PARAMETER file: CHARMM format! 
Info: PARAMETERS             ../../charmm36.nbfix/par_all36_prot.prm
Info: PARAMETERS             ../../charmm36.nbfix/par_water_ions_na.prm
Info: PARAMETERS             ../../charmm36.nbfix/par_all36_na.prm
Info: PARAMETERS             ../../charmm36.nbfix/par_all36_lipid.prm
Info: PARAMETERS             ../../charmm36.nbfix/par_all36_dphpc.str
Info: USING ARITHMETIC MEAN TO COMBINE L-J SIGMA PARAMETERS
Info: SUMMARY OF PARAMETERS:
Info: 275 BONDS
Info: 713 ANGLES
Info: 1352 DIHEDRAL
Info: 54 IMPROPER
Info: 6 CROSSTERM
Info: 140 VDW
Info: 24 VDW_PAIRS
Info: 0 NBTHOLE_PAIRS
FATAL ERROR: DIDN'T FIND vdW PARAMETER FOR ATOM TYPE C13
[0] Stack Traceback:
  [0:0] CmiAbort+0x41  [0xefde44]
  [0:1] _Z8NAMD_diePKc+0x93  [0x64a6c3]
  [0:2] _ZN10Parameters16assign_vdw_indexEPcP14atom_constants+0x30e  [0xbac96e]
  [0:3] _ZN8Molecule10read_atomsEP8_IO_FILEP10Parameters+0x1a49  [0xb537a9]
  [0:4] _ZN8Molecule13read_psf_fileEPcP10Parameters+0x340  [0xb4fef0]
  [0:5] _ZN8MoleculeC1EP13SimParametersP10ParametersPcP10ConfigList+0x100  [0xb4ebc0]
  [0:6] _ZN9NamdState14configListInitEP10ConfigList+0x625  [0xb86485]
  [0:7] _ZN9ScriptTcl3runEv+0x225  [0xc404a5]
  [0:8] main+0x3fb  [0x64feeb]
  [0:9] __libc_start_main+0xf5  [0x7f80e59fc445]
  [0:10] _ZNSt8ios_base4InitD1Ev+0x52  [0x5a7e4a]
[0] Stack Traceback:
  [0:0] LrtsAbort+0x70  [0xefe524]
  [0:1] CmiAbortHelper+0x102  [0xefddfd]
  [0:2] CmiAbort+0x41  [0xefde44]
  [0:3] _Z8NAMD_diePKc+0x93  [0x64a6c3]
  [0:4] _ZN10Parameters16assign_vdw_indexEPcP14atom_constants+0x30e  [0xbac96e]
  [0:5] _ZN8Molecule10read_atomsEP8_IO_FILEP10Parameters+0x1a49  [0xb537a9]
  [0:6] _ZN8Molecule13read_psf_fileEPcP10Parameters+0x340  [0xb4fef0]
  [0:7] _ZN8MoleculeC1EP13SimParametersP10ParametersPcP10ConfigList+0x100  [0xb4ebc0]
  [0:8] _ZN9NamdState14configListInitEP10ConfigList+0x625  [0xb86485]
  [0:9] _ZN9ScriptTcl3runEv+0x225  [0xc404a5]
  [0:10] main+0x3fb  [0x64feeb]
  [0:11] __libc_start_main+0xf5  [0x7f80e59fc445]
  [0:12] _ZNSt8ios_base4InitD1Ev+0x52  [0x5a7e4a]
