Charm++: standalone mode (not using charmrun)
Charm++> Running in Multicore mode:  4 threads
Charm++> Using recursive bisection (scheme 3) for topology aware partitions
Converse/Charm++ Commit ID: v6.7.1-0-gbdf6a1b-namd-charm-6.7.1-build-2016-Nov-07-136676
CharmLB> Load balancer assumes all CPUs are same.
Charm++> Running on 1 unique compute nodes (8-way SMP).
Charm++> cpu topology info is gathered in 0.000 seconds.
Info: NAMD 2.12 for MacOSX-x86_64-multicore
Info: 
Info: Please visit http://www.ks.uiuc.edu/Research/namd/
Info: for updates, documentation, and support information.
Info: 
Info: Please cite Phillips et al., J. Comp. Chem. 26:1781-1802 (2005)
Info: in all publications reporting results obtained with NAMD.
Info: 
Info: Based on Charm++/Converse 60701 for multicore-darwin-x86_64
Info: Built Wed Dec 21 11:16:01 CST 2016 by jim on roswell.ks.uiuc.edu
Info: 1 NAMD  2.12  MacOSX-x86_64-multicore  4    Yifeis-MacBook-Pro.local  yifeili
Info: Running on 4 processors, 1 nodes, 1 physical nodes.
Info: CPU topology information available.
Info: Charm++/Converse parallel runtime startup completed at 0.00742292 s
CkLoopLib is used in SMP with a simple dynamic scheduling (converse-level notification) but not using node-level queue
Info: 4257.27 MB of memory in use based on ps
Info: Configuration file is 13eq.namd
Info: Working in the current directory /Users/yifeili/Desktop/rotation1/projectfile/Build13mernanpore/clya/13mer/mineqheat
TCL: Suspending until startup complete.
Warning: The following variables were set in the
Warning: configuration file but will be ignored:
Warning:    tclForcesScript (tclForces)
Info: EXTENDED SYSTEM FILE   min_nofix.restart.xsc
Info: SIMULATION PARAMETERS:
Info: TIMESTEP               2
Info: NUMBER OF STEPS        0
Info: STEPS PER CYCLE        20
Info: PERIODIC CELL BASIS 1  220 0 0
Info: PERIODIC CELL BASIS 2  0 220 0
Info: PERIODIC CELL BASIS 3  0 0 185
Info: PERIODIC CELL CENTER   0.0712694 0.159331 47.5
Info: WRAPPING WATERS AROUND PERIODIC BOUNDARIES ON OUTPUT.
Info: WRAPPING ALL CLUSTERS AROUND PERIODIC BOUNDARIES ON OUTPUT.
Info: LOAD BALANCER  Centralized
Info: LOAD BALANCING STRATEGY  New Load Balancers -- DEFAULT
Info: LDB PERIOD             4000 steps
Info: FIRST LDB TIMESTEP     100
Info: LAST LDB TIMESTEP     -1
Info: LDB BACKGROUND SCALING 1
Info: HOM BACKGROUND SCALING 1
Info: PME BACKGROUND SCALING 1
Info: MIN ATOMS PER PATCH    40
Info: VELOCITY FILE          min_nofix.restart.vel
Info: CENTER OF MASS MOVING INITIALLY? NO
Info: DIELECTRIC             1
Info: EXCLUDE                SCALED ONE-FOUR
Info: 1-4 ELECTROSTATICS SCALED BY 1
Info: MODIFIED 1-4 VDW PARAMETERS WILL BE USED
Info: DCD FILENAME           eq2.dcd
Info: DCD FREQUENCY          1000
Info: DCD FIRST STEP         1000
Info: DCD FILE WILL CONTAIN UNIT CELL DATA
Info: XST FILENAME           eq2.xst
Info: XST FREQUENCY          1000
Info: NO VELOCITY DCD OUTPUT
Info: NO FORCE DCD OUTPUT
Info: OUTPUT FILENAME        eq2
Info: BINARY OUTPUT FILES WILL BE USED
Info: RESTART FILENAME       eq2.restart
Info: RESTART FREQUENCY      1000
Info: BINARY RESTART FILES WILL BE USED
Info: SWITCHING ACTIVE
Info: SWITCHING ON           10
Info: SWITCHING OFF          12
Info: PAIRLIST DISTANCE      13.5
Info: PAIRLIST SHRINK RATE   0.01
Info: PAIRLIST GROW RATE     0.01
Info: PAIRLIST TRIGGER       0.3
Info: PAIRLISTS PER CYCLE    2
Info: PAIRLISTS ENABLED
Info: MARGIN                 3
Info: HYDROGEN GROUP CUTOFF  2.5
Info: PATCH DIMENSION        19
Info: ENERGY OUTPUT STEPS    1000
Info: CROSSTERM ENERGY INCLUDED IN DIHEDRAL
Info: TIMING OUTPUT STEPS    10000
Info: PRESSURE OUTPUT STEPS  1000
Info: HARMONIC CONSTRAINTS ACTIVE
Info: HARMONIC CONS EXP      2
Info: HARMONIC CONS SCALING  0.05
Info: LANGEVIN DYNAMICS ACTIVE
Info: LANGEVIN TEMPERATURE   293
Info: LANGEVIN USING BBK INTEGRATOR
Info: LANGEVIN DAMPING COEFFICIENT IS 1 INVERSE PS
Info: LANGEVIN DYNAMICS APPLIED TO HYDROGENS
Info: LANGEVIN PISTON PRESSURE CONTROL ACTIVE
Info:        TARGET PRESSURE IS 1.01325 BAR
Info:     OSCILLATION PERIOD IS 200 FS
Info:             DECAY TIME IS 50 FS
Info:     PISTON TEMPERATURE IS 293 K
Info:       PRESSURE CONTROL IS GROUP-BASED
Info:    INITIAL STRAIN RATE IS 0 0 0
Info:       CELL FLUCTUATION IS ANISOTROPIC
Info:     CONSTANT AREA PRESSURE CONTROL ACTIVE
Info: PARTICLE MESH EWALD (PME) ACTIVE
Info: PME TOLERANCE               1e-06
Info: PME EWALD COEFFICIENT       0.257952
Info: PME INTERPOLATION ORDER     4
Info: PME GRID DIMENSIONS         224 224 192
Info: PME MAXIMUM GRID SPACING    1
Info: Attempting to read FFTW data from FFTW_NAMD_2.12_MacOSX-x86_64-multicore.txt
Info: Optimizing 6 FFT steps.  1... 2... 3... 4... 5... 6...   Done.
Info: Writing FFTW data to FFTW_NAMD_2.12_MacOSX-x86_64-multicore.txt
Info: FULL ELECTROSTATIC EVALUATION FREQUENCY      2
Info: USING VERLET I (r-RESPA) MTS SCHEME.
Info: C1 SPLITTING OF LONG RANGE ELECTROSTATICS
Info: PLACING ATOMS IN PATCHES BY HYDROGEN GROUPS
Info: RIGID BONDS TO HYDROGEN : ALL
Info:         ERROR TOLERANCE : 1e-08
Info:          MAX ITERATIONS : 100
Info: RIGID WATER USING SETTLE ALGORITHM
Info: RANDOM NUMBER SEED     1538450126
Info: USE HYDROGEN BONDS?    NO
Info: COORDINATE PDB         clya-13mercs_kcl.pdb
Info: STRUCTURE FILE         clya-13mercs_kcl.psf
Info: PARAMETER file: CHARMM format! 
Info: PARAMETERS             ../../charmm36.nbfix/par_all36_prot.prm
Info: PARAMETERS             ../../charmm36.nbfix/par_water_ions_na.prm
Info: PARAMETERS             ../../charmm36.nbfix/par_all36_na.prm
Info: PARAMETERS             ../../charmm36.nbfix/par_all36_lipid.prm
Info: PARAMETERS             ../../charmm36.nbfix/par_all36_dphpc.str
Info: USING ARITHMETIC MEAN TO COMBINE L-J SIGMA PARAMETERS
Info: BINARY COORDINATES     min_nofix.restart.coor
Info: SUMMARY OF PARAMETERS:
Info: 275 BONDS
Info: 713 ANGLES
Info: 1352 DIHEDRAL
Info: 54 IMPROPER
Info: 6 CROSSTERM
Info: 140 VDW
Info: 24 VDW_PAIRS
Info: 0 NBTHOLE_PAIRS
Info: TIME FOR READING PSF FILE: 12.4414
Info: Reading pdb file clya-13mercs_kcl.pdb
Info: TIME FOR READING PDB FILE: 0.720757
Info: 
Info: ****************************
Info: STRUCTURE SUMMARY:
Info: 777515 ATOMS
Info: 579611 BONDS
Info: 452257 ANGLES
Info: 369638 DIHEDRALS
Info: 12663 IMPROPERS
Info: 3991 CROSSTERMS
Info: 0 EXCLUSIONS
Info: 4017 CONSTRAINTS
Info: 687938 RIGID BONDS
Info: 1644607 DEGREES OF FREEDOM
Info: 280190 HYDROGEN GROUPS
Info: 4 ATOMS IN LARGEST HYDROGEN GROUP
Info: 280190 MIGRATION GROUPS
Info: 4 ATOMS IN LARGEST MIGRATION GROUP
Info: TOTAL MASS = 4.88521e+06 amu
Info: TOTAL CHARGE = 9.26219e-05 e
Info: MASS DENSITY = 0.905994 g/cm^3
Info: ATOM DENSITY = 0.0868344 atoms/A^3
Info: *****************************
Info: Reading from binary file min_nofix.restart.coor
Info: 
Info: Entering startup at 14.0375 s, 4479.07 MB of memory in use
Info: Startup phase 0 took 0.00410008 s, 4479.07 MB of memory in use
Info: ADDED 1684763 IMPLICIT EXCLUSIONS
Info: Startup phase 1 took 0.366776 s, 4665.51 MB of memory in use
Info: NONBONDED TABLE R-SQUARED SPACING: 0.0625
Info: NONBONDED TABLE SIZE: 769 POINTS
Info: ABSOLUTE IMPRECISION IN FAST TABLE FORCE: 2.64698e-23 AT 11.9138
Info: RELATIVE IMPRECISION IN FAST TABLE FORCE: 1.40436e-16 AT 11.9138
Info: INCONSISTENCY IN FAST TABLE ENERGY VS FORCE: 0.000325096 AT 11.9556
Info: ABSOLUTE IMPRECISION IN SCOR TABLE FORCE: 4.10282e-22 AT 11.9138
Info: RELATIVE IMPRECISION IN SCOR TABLE FORCE: 3.56912e-15 AT 11.9138
Info: INCONSISTENCY IN SCOR TABLE ENERGY VS FORCE: 0.000324844 AT 11.9556
Info: ABSOLUTE IMPRECISION IN VDWA TABLE ENERGY: 9.86076e-32 AT 11.8295
Info: RELATIVE IMPRECISION IN VDWA TABLE ENERGY: 6.75473e-14 AT 11.9138
Info: ABSOLUTE IMPRECISION IN VDWA TABLE FORCE: 4.62223e-32 AT 11.9138
Info: RELATIVE IMPRECISION IN VDWA TABLE FORCE: 2.12237e-15 AT 11.9138
Info: INCONSISTENCY IN VDWA TABLE ENERGY VS FORCE: 0.0040507 AT 0.251946
Info: ABSOLUTE IMPRECISION IN VDWB TABLE ENERGY: 4.1359e-25 AT 11.8295
Info: RELATIVE IMPRECISION IN VDWB TABLE ENERGY: 7.56853e-15 AT 11.9138
Info: ABSOLUTE IMPRECISION IN VDWB TABLE FORCE: 3.87741e-26 AT 11.9138
Info: RELATIVE IMPRECISION IN VDWB TABLE FORCE: 5.97409e-16 AT 11.9138
Info: INCONSISTENCY IN VDWB TABLE ENERGY VS FORCE: 0.00150189 AT 0.251946
Info: Startup phase 2 took 0.00540996 s, 4665.87 MB of memory in use
Info: Startup phase 3 took 0.00373602 s, 4677.74 MB of memory in use
Info: Startup phase 4 took 0.00707006 s, 4683.67 MB of memory in use
Info: Startup phase 5 took 0.00393891 s, 4683.67 MB of memory in use
Info: PATCH GRID IS 11 (PERIODIC) BY 11 (PERIODIC) BY 9 (PERIODIC)
Info: PATCH GRID IS 1-AWAY BY 1-AWAY BY 1-AWAY
Info: Reading from binary file min_nofix.restart.vel
Info: REMOVING COM VELOCITY 0 0 0
Info: LARGEST PATCH (327) HAS 914 ATOMS
Info: TORUS A SIZE 4 USING 0
Info: TORUS B SIZE 1 USING 0
Info: TORUS C SIZE 1 USING 0
Info: TORUS MINIMAL MESH SIZE IS 1 BY 1 BY 1
Info: Placed 100% of base nodes on same physical node as patch
Info: Startup phase 6 took 0.133638 s, 4793.96 MB of memory in use
Info: PME using 4 and 4 processors for FFT and reciprocal sum.
Info: PME GRID LOCATIONS: 0 1 2 3
Info: PME TRANS LOCATIONS: 0 1 2 3
Info: PME USING 1 GRID NODES AND 1 TRANS NODES
Info: Optimizing 4 FFT steps.  1... 2... 3... 4...   Done.
Info: Startup phase 7 took 0.0129189 s, 4849.67 MB of memory in use
Info: Startup phase 8 took 0.00509596 s, 4849.67 MB of memory in use
LDB: Central LB being created...
Info: Startup phase 9 took 0.00441313 s, 4859.2 MB of memory in use
Info: CREATING 22889 COMPUTE OBJECTS
Info: useSync: 0 useProxySync: 0
Info: Startup phase 10 took 0.0264308 s, 4883.96 MB of memory in use
Info: Startup phase 11 took 0.00397515 s, 4883.96 MB of memory in use
Info: Startup phase 12 took 0.00512695 s, 5020.21 MB of memory in use
Info: Finished startup at 14.6201 s, 5020.21 MB of memory in use

TCL: Running for 500000 steps
ERROR: Constraint failure in RATTLE algorithm for atom 178869!
ERROR: Constraint failure; simulation has become unstable.
ERROR: Exiting prematurely; see error messages above.
====================================================

WallClock: 18.139877  CPUTime: 18.139877  Memory: 6552.886719 MB
[Partition 0][Node 0] End of program
